<?xml version="1.0" encoding="UTF-8"?>
<!-- Generated by org.testng.reporters.JUnitReportReporter -->
<testsuite skipped="0" hostname="SCTL-BA-I3-14" name="test1.Test1" tests="1" failures="0" timestamp="14 Mar 2019 06:14:42 GMT" time="12.334" errors="0">
  <testcase name="test" time="12.334" classname="test1.Test1"/>
</testsuite> <!-- test1.Test1 -->
